Debian-exim:x:104:110::/var/spool/exim4:/bin/false
backup:x:34:34:backup:/var/backups:/usr/sbin/nologin
bin:x:2:2:bin:/bin:/usr/sbin/nologin
colord:x:106:114:colord colour management daemon,,,:/var/lib/colord:/bin/false
daemon:x:1:1:daemon:/usr/sbin:/usr/sbin/nologin
debian-transmission:x:110:117::/home/debian-transmission:/bin/false
games:x:5:60:games:/usr/games:/usr/sbin/nologin
gnats:x:41:41:Gnats Bug-Reporting System (admin):/var/lib/gnats:/usr/sbin/nologin
guest:x:1001:1001::/guest:/bin/bash
irc:x:39:39:ircd:/var/run/ircd:/usr/sbin/nologin
libuuid:x:100:101::/var/lib/libuuid:/bin/sh
lightdm:x:102:109:Light Display Manager:/var/lib/lightdm:/bin/false
list:x:38:38:Mailing List Manager:/var/list:/usr/sbin/nologin
lp:x:7:7:lp:/var/spool/lpd:/usr/sbin/nologin
mail:x:8:8:mail:/var/mail:/usr/sbin/nologin
man:x:6:12:man:/var/cache/man:/usr/sbin/nologin
messagebus:x:101:105::/var/run/dbus:/bin/false
news:x:9:9:news:/var/spool/news:/usr/sbin/nologin
nobody:x:65534:65534:nobody:/nonexistent:/usr/sbin/nologin
nslcd:x:105:113:nslcd name service LDAP connection daemon,,,:/var/run/nslcd/:/bin/false
ntpd:x:109:116::/var/run/openntpd:/bin/false
proxy:x:13:13:proxy:/bin:/usr/sbin/nologin
root:x:0:0:root:/root:/usr/bin/zsh
saned:x:107:115::/home/saned:/bin/false
sshd:x:111:65534::/var/run/sshd:/usr/sbin/nologin
statd:x:103:65534::/var/lib/nfs:/bin/false
student:x:1002:1002::/student:/bin/bash
sync:x:4:65534:sync:/bin:/bin/sync
sys:x:3:3:sys:/dev:/usr/sbin/nologin
usbmux:x:108:46:usbmux daemon,,,:/var/lib/usbmux:/bin/false
uucp:x:10:10:uucp:/var/spool/uucp:/usr/sbin/nologin
www-data:x:33:33:www-data:/var/www:/usr/sbin/nologin
